<?xml version="1.0" encoding="UTF-8"?>
<testng-results total="2" passed="2" failed="0" skipped="0">
  <reporter-output>
  </reporter-output>
  <suite started-at="2021-01-19T17:15:30Z" name="Default suite" finished-at="2021-01-19T17:15:44Z" duration-ms="13844">
    <groups>
    </groups>
    <test started-at="2021-01-19T17:15:30Z" name="Default test" finished-at="2021-01-19T17:15:44Z" duration-ms="13844">
      <class name="bank.tests.LoginTestFactory">
        <test-method is-config="true" signature="openBrowser()[pri:0, instance:bank.tests.LoginTestFactory@659499f1]" started-at="2021-01-19T11:15:30Z" name="openBrowser" finished-at="2021-01-19T11:15:40Z" duration-ms="9263" status="PASS">
          <reporter-output>
          </reporter-output>
        </test-method> <!-- openBrowser -->
        <test-method signature="login()[pri:0, instance:bank.tests.LoginTestFactory@659499f1]" started-at="2021-01-19T11:15:40Z" name="login" finished-at="2021-01-19T11:15:42Z" duration-ms="2393" status="PASS">
          <reporter-output>
          </reporter-output>
        </test-method> <!-- login -->
        <test-method signature="logout()[pri:0, instance:bank.tests.LoginTestFactory@659499f1]" started-at="2021-01-19T11:15:42Z" name="logout" finished-at="2021-01-19T11:15:43Z" depends-on-methods="bank.tests.LoginTestFactory.login" duration-ms="989" status="PASS">
          <reporter-output>
          </reporter-output>
        </test-method> <!-- logout -->
        <test-method is-config="true" signature="closeBrowser()[pri:0, instance:bank.tests.LoginTestFactory@659499f1]" started-at="2021-01-19T11:15:43Z" name="closeBrowser" finished-at="2021-01-19T11:15:44Z" duration-ms="1173" status="PASS">
          <reporter-output>
          </reporter-output>
        </test-method> <!-- closeBrowser -->
      </class> <!-- bank.tests.LoginTestFactory -->
    </test> <!-- Default test -->
  </suite> <!-- Default suite -->
</testng-results>
